<?xml version="1.0" encoding="UTF-8"?>
<!-- Generated by org.testng.reporters.JUnitReportReporter -->
<testsuite hostname="DESKTOP-A8FMS7E" failures="0" tests="1" name="Overall.SeleniumFramework1.Test_framework" time="0.000" errors="0" timestamp="2024-11-01T08:40:37 IST" skipped="1">
  <testcase classname="Overall.SeleniumFramework1.Test_framework" name="submitOrder" time="0.000">
    <skipped/>
  </testcase> <!-- submitOrder -->
  <system-out/>
</testsuite> <!-- Overall.SeleniumFramework1.Test_framework -->
